



node2__sort:
BeginFunc 0
EndFunc


node2__main:
BeginFunc 80
t_32 = 6
t_33 = 2
t_34 = 8
t_35 = 5
t_36 = 1
t_37 = 4
t_38 = 0
t_39 = t_37 * t_38
t_37 = node12__ar + t_39
*(t_37) = t_32
t_40 = 4
t_41 = 1
t_42 = t_40 * t_41
t_40 = node12__ar + t_42
*(t_40) = t_33
t_43 = 4
t_44 = 2
t_45 = t_43 * t_44
t_43 = node12__ar + t_45
*(t_43) = t_34
t_46 = 4
t_47 = 3
t_48 = t_46 * t_47
t_46 = node12__ar + t_48
*(t_46) = t_35
t_49 = 4
t_50 = 4
t_51 = t_49 * t_50
t_49 = node12__ar + t_51
*(t_49) = t_36
PushParam node12__ar
Lcall node2__sort
PopParam 4
EndFunc


node3__swap:
BeginFunc 44
t_1 = 4
t_2 = t_1 * node4__i
t_1 = node3__a + t_2
node4__t = *(t_1)
t_3 = 4
t_4 = t_3 * node4__i
t_3 = node3__a + t_4
t_5 = 4
t_6 = t_5 * node4__j
t_5 = node3__a + t_6
*(t_3) = *(t_5)
t_7 = 4
t_8 = t_7 * node4__j
t_7 = node3__a + t_8
*(t_7) = node4__t
EndFunc


node3__sort1:
BeginFunc 112
t_9 = node5__l + node5__r
t_10 = 2
t_11 = t_9 / t_10
t_12 = 4
t_13 = t_12 * t_11
t_12 = node3__a + t_13
node5__pivot = *(t_12)
node5__i = node5__l
node5__j = node5__r
Label2:
if node5__i <= node5__j goto Label3
goto Label4
Label3:
t_14 = 1
goto Label5
Label4:
t_14 = 0
Label5:
if t_14 == 1 goto Label6
if node5__l < node5__j goto Label23
goto Label24
Label23:
t_30 = 1
goto Label25
Label24:
t_30 = 0
Label25:
if t_30 == 1 goto Label26
Label22:
if node5__j < node5__r goto Label28
goto Label29
Label28:
t_31 = 1
goto Label30
Label29:
t_31 = 0
Label30:
if t_31 == 1 goto Label31
Label27:
EndFunc


Label6:
Label7:
t_15 = 4
t_16 = t_15 * node5__i
t_15 = node3__a + t_16
if *(t_15) < node5__pivot goto Label8
goto Label9
Label8:
t_17 = 1
goto Label10
Label9:
t_17 = 0
Label10:
if t_17 == 1 goto Label11
Label12:
t_20 = 4
t_21 = t_20 * node5__j
t_20 = node3__a + t_21
if *(t_20) > node5__pivot goto Label13
goto Label14
Label13:
t_22 = 1
goto Label15
Label14:
t_22 = 0
Label15:
if t_22 == 1 goto Label16
if node5__i <= node5__j goto Label18
goto Label19
Label18:
t_25 = 1
goto Label20
Label19:
t_25 = 0
Label20:
if t_25 == 1 goto Label21
Label17:
goto Label2


Label26:
PushParam node5__l
PushParam node5__j
Lcall node3__sort1
PopParam 8
goto Label22


Label31:
PushParam node5__i
PushParam node5__r
Lcall node3__sort1
PopParam 8
goto Label27


Label11:
t_18 = 1
t_19 = node5__i
node5__i = t_19 + t_18
goto Label7


Label16:
t_23 = 1
t_24 = node5__j
node5__j = t_24 - t_23
goto Label12


Label21:
PushParam node5__i
PushParam node5__j
Lcall node3__swap
PopParam 8
t_26 = 1
t_27 = node5__i
node5__i = t_27 + t_26
t_28 = 1
t_29 = node5__j
node5__j = t_29 - t_28
goto Label17


