digraph G {
97 [label="ProgramStructure"];96 [label="class_and_objects"];97->96
96 [label="class_and_objects"];95 [label="SingletonObject"];96->95
95 [label="SingletonObject"];5 [label="ObjectDeclare"];95->5
95 [label="SingletonObject"];94 [label="block"];95->94
5 [label="ObjectDeclare"];2 [label="KWRD_OBJECT"];5->2
5 [label="ObjectDeclare"];4 [label="IDENTIFIER"];5->4
2 [label="KWRD_OBJECT"];1 [label="object"];2->1
4 [label="IDENTIFIER"];3 [label="HelloWorld"];4->3
94 [label="block"];91 [label="BLOCK_BEGIN"];94->91
94 [label="block"];89 [label="block_statements_opt"];94->89
94 [label="block"];93 [label="BLOCK_END"];94->93
91 [label="BLOCK_BEGIN"];90 [label="{"];91->90
89 [label="block_statements_opt"];88 [label="block_statement"];89->88
88 [label="block_statement"];52 [label="block_statement"];88->52
88 [label="block_statement"];87 [label="block_statement"];88->87
52 [label="block_statement"];51 [label="block_statement"];52->51
51 [label="block_statement"];50 [label="statement"];51->50
50 [label="statement"];49 [label="normal_statement"];50->49
49 [label="normal_statement"];48 [label="expression_statement"];49->48
48 [label="expression_statement"];45 [label="statement_expression"];48->45
48 [label="expression_statement"];47 [label="STATE_END"];48->47
45 [label="statement_expression"];44 [label="assignment"];45->44
44 [label="assignment"];10 [label="valid_variable"];44->10
44 [label="assignment"];13 [label="assignment_operator"];44->13
44 [label="assignment"];43 [label="assignment_expression"];44->43
10 [label="valid_variable"];9 [label="name"];10->9
9 [label="name"];8 [label="simple_name"];9->8
8 [label="simple_name"];7 [label="IDENTIFIER"];8->7
7 [label="IDENTIFIER"];6 [label="a"];7->6
13 [label="assignment_operator"];12 [label="ASSIGN_OP"];13->12
12 [label="ASSIGN_OP"];11 [label="="];12->11
43 [label="assignment_expression"];42 [label="assignment"];43->42
42 [label="assignment"];18 [label="valid_variable"];42->18
42 [label="assignment"];21 [label="assignment_operator"];42->21
42 [label="assignment"];41 [label="assignment_expression"];42->41
18 [label="valid_variable"];17 [label="name"];18->17
17 [label="name"];16 [label="simple_name"];17->16
16 [label="simple_name"];15 [label="IDENTIFIER"];16->15
15 [label="IDENTIFIER"];14 [label="b"];15->14
21 [label="assignment_operator"];20 [label="ASSIGN_OP"];21->20
20 [label="ASSIGN_OP"];19 [label="="];20->19
41 [label="assignment_expression"];40 [label="conditional_or_expression"];41->40
40 [label="conditional_or_expression"];39 [label="conditional_and_expression"];40->39
39 [label="conditional_and_expression"];38 [label="inclusive_or_expression"];39->38
38 [label="inclusive_or_expression"];37 [label="exclusive_or_expression"];38->37
37 [label="exclusive_or_expression"];36 [label="and_expression"];37->36
36 [label="and_expression"];35 [label="relational_expression"];36->35
35 [label="relational_expression"];34 [label="relational_expression"];35->34
34 [label="relational_expression"];33 [label="shift_expression"];34->33
33 [label="shift_expression"];32 [label="additive_expression"];33->32
32 [label="additive_expression"];31 [label="multiplicative_expression"];32->31
31 [label="multiplicative_expression"];30 [label="unary_expression"];31->30
30 [label="unary_expression"];29 [label="unary_expression_not_plus_minus"];30->29
29 [label="unary_expression_not_plus_minus"];28 [label="base_variable_set"];29->28
28 [label="base_variable_set"];27 [label="variable_literal"];28->27
27 [label="variable_literal"];26 [label="primary"];27->26
26 [label="primary"];25 [label="literal"];26->25
25 [label="literal"];24 [label="int_float"];25->24
24 [label="int_float"];23 [label="IntFloatConst"];24->23
23 [label="IntFloatConst"];22 [label="9"];23->22
47 [label="STATE_END"];46 [label=";"];47->46
87 [label="block_statement"];86 [label="statement"];87->86
86 [label="statement"];85 [label="normal_statement"];86->85
85 [label="normal_statement"];84 [label="expression_statement"];85->84
84 [label="expression_statement"];81 [label="statement_expression"];84->81
84 [label="expression_statement"];83 [label="STATE_END"];84->83
81 [label="statement_expression"];80 [label="assignment"];81->80
80 [label="assignment"];57 [label="valid_variable"];80->57
80 [label="assignment"];60 [label="assignment_operator"];80->60
80 [label="assignment"];79 [label="assignment_expression"];80->79
57 [label="valid_variable"];56 [label="name"];57->56
56 [label="name"];55 [label="simple_name"];56->55
55 [label="simple_name"];54 [label="IDENTIFIER"];55->54
54 [label="IDENTIFIER"];53 [label="v"];54->53
60 [label="assignment_operator"];59 [label="ASSIGN_OP"];60->59
59 [label="ASSIGN_OP"];58 [label="="];59->58
79 [label="assignment_expression"];78 [label="conditional_or_expression"];79->78
78 [label="conditional_or_expression"];77 [label="conditional_and_expression"];78->77
77 [label="conditional_and_expression"];76 [label="inclusive_or_expression"];77->76
76 [label="inclusive_or_expression"];75 [label="exclusive_or_expression"];76->75
75 [label="exclusive_or_expression"];74 [label="and_expression"];75->74
74 [label="and_expression"];73 [label="relational_expression"];74->73
73 [label="relational_expression"];72 [label="relational_expression"];73->72
72 [label="relational_expression"];71 [label="shift_expression"];72->71
71 [label="shift_expression"];70 [label="additive_expression"];71->70
70 [label="additive_expression"];69 [label="multiplicative_expression"];70->69
69 [label="multiplicative_expression"];68 [label="unary_expression"];69->68
68 [label="unary_expression"];67 [label="unary_expression_not_plus_minus"];68->67
67 [label="unary_expression_not_plus_minus"];66 [label="base_variable_set"];67->66
66 [label="base_variable_set"];65 [label="variable_literal"];66->65
65 [label="variable_literal"];64 [label="primary"];65->64
64 [label="primary"];63 [label="literal"];64->63
63 [label="literal"];62 [label="LiteralConst"];63->62
62 [label="LiteralConst"];61 [label=""Siddhant""];62->61
83 [label="STATE_END"];82 [label=";"];83->82
93 [label="BLOCK_END"];92 [label="}"];93->92
}
